This file contains any messages produced by compilers while
running configure, to aid debugging if configure makes a mistake.

It was created by normal_modes_anim configure 2.2.1, which was
generated by GNU Autoconf 2.69.  Invocation command line was

  $ ./configure 

## --------- ##
## Platform. ##
## --------- ##

hostname = portatil-toshiba
uname -m = x86_64
uname -r = 3.5.0-49-generic
uname -s = Linux
uname -v = #74-Ubuntu SMP Fri May 2 23:28:58 UTC 2014

/usr/bin/uname -p = unknown
/bin/uname -X     = unknown

/bin/arch              = unknown
/usr/bin/arch -k       = unknown
/usr/convex/getsysinfo = unknown
/usr/bin/hostinfo      = unknown
/bin/machine           = unknown
/usr/bin/oslevel       = unknown
/bin/universe          = unknown

PATH: /home/cerezo/Programas/xcCrys/main
PATH: /home/cerezo/Programas/gromacs4.5.5/bin
PATH: /home/cerezo/bin
PATH: /usr/lib/lightdm/lightdm
PATH: /usr/local/sbin
PATH: /usr/local/bin
PATH: /usr/sbin
PATH: /usr/bin
PATH: /sbin
PATH: /bin
PATH: /usr/games
PATH: /usr/local/games
PATH: /home/cerezo/bin
PATH: /home/cerezo/mis_bin
PATH: ./
PATH: /home/cerezo/Programas/SIESTA/bin
PATH: /home/cerezo/Programas/gromacs4.5.5/bin/
PATH: /usr/share/Adobe/Adobe/Reader8/bin
PATH: /home/cerezo/Programas/maple14/bin/
PATH: /opt/intel/bin
PATH: /opt/schrodinger
PATH: /home/cerezo/Programas/MolecularTools/bin
PATH: /home/cerezo/Programas/src/ANTECHAMBER/antechamber-1.27/exe
PATH: /home/cerezo/Programas/xcCrys/main/scripts
PATH: /home/cerezo/Programas/xcCrys/main/util
PATH: /home/cerezo/dev/MY_PROJECTS/internal_implementation/src


## ----------- ##
## Core tests. ##
## ----------- ##

configure:1859: checking for a BSD-compatible install
configure:1927: result: /usr/bin/install -c
configure:1938: checking whether build environment is sane
configure:1988: result: yes
configure:2129: checking for a thread-safe mkdir -p
configure:2168: result: /bin/mkdir -p
configure:2181: checking for gawk
configure:2197: found /usr/bin/gawk
configure:2208: result: gawk
configure:2219: checking whether make sets $(MAKE)
configure:2241: result: yes
configure:2393: checking for gfortran
configure:2409: found /usr/bin/gfortran
configure:2420: result: gfortran
configure:2446: checking for Fortran compiler version
configure:2455: gfortran --version >&5
GNU Fortran (Ubuntu/Linaro 4.7.2-2ubuntu1) 4.7.2
Copyright (C) 2012 Free Software Foundation, Inc.

GNU Fortran comes with NO WARRANTY, to the extent permitted by law.
You may redistribute copies of GNU Fortran
under the terms of the GNU General Public License.
For more information about these matters, see the file named COPYING

configure:2466: $? = 0
configure:2455: gfortran -v >&5
Using built-in specs.
COLLECT_GCC=gfortran
COLLECT_LTO_WRAPPER=/usr/lib/gcc/x86_64-linux-gnu/4.7/lto-wrapper
Target: x86_64-linux-gnu
Configured with: ../src/configure -v --with-pkgversion='Ubuntu/Linaro 4.7.2-2ubuntu1' --with-bugurl=file:///usr/share/doc/gcc-4.7/README.Bugs --enable-languages=c,c++,go,fortran,objc,obj-c++ --prefix=/usr --program-suffix=-4.7 --enable-shared --enable-linker-build-id --with-system-zlib --libexecdir=/usr/lib --without-included-gettext --enable-threads=posix --with-gxx-include-dir=/usr/include/c++/4.7 --libdir=/usr/lib --enable-nls --with-sysroot=/ --enable-clocale=gnu --enable-libstdcxx-debug --enable-libstdcxx-time=yes --enable-gnu-unique-object --enable-plugin --enable-objc-gc --disable-werror --with-arch-32=i686 --with-tune=generic --enable-checking=release --build=x86_64-linux-gnu --host=x86_64-linux-gnu --target=x86_64-linux-gnu
Thread model: posix
gcc version 4.7.2 (Ubuntu/Linaro 4.7.2-2ubuntu1) 
configure:2466: $? = 0
configure:2455: gfortran -V >&5
gfortran: error: unrecognized command line option '-V'
gfortran: fatal error: no input files
compilation terminated.
configure:2466: $? = 4
configure:2455: gfortran -qversion >&5
gfortran: error: unrecognized command line option '-qversion'
gfortran: fatal error: no input files
compilation terminated.
configure:2466: $? = 4
configure:2481: checking whether the Fortran compiler works
configure:2503: gfortran    conftest.f  >&5
configure:2507: $? = 0
configure:2555: result: yes
configure:2558: checking for Fortran compiler default output file name
configure:2560: result: a.out
configure:2566: checking for suffix of executables
configure:2573: gfortran -o conftest    conftest.f  >&5
configure:2577: $? = 0
configure:2599: result: 
configure:2615: checking whether we are cross compiling
configure:2623: gfortran -o conftest    conftest.f  >&5
configure:2627: $? = 0
configure:2634: ./conftest
configure:2638: $? = 0
configure:2653: result: no
configure:2658: checking for suffix of object files
configure:2674: gfortran -c   conftest.f >&5
configure:2678: $? = 0
configure:2699: result: o
configure:2707: checking whether we are using the GNU Fortran compiler
configure:2720: gfortran -c   conftest.F >&5
configure:2720: $? = 0
configure:2729: result: yes
configure:2735: checking whether gfortran accepts -g
configure:2746: gfortran -c -g  conftest.f >&5
configure:2746: $? = 0
configure:2754: result: yes
configure:2832: checking for zsytrf in -llapack
configure:2844: gfortran -o conftest    conftest.f -llapack   >&5
configure:2844: $? = 0
configure:2853: result: yes
configure:3105: creating ./config.status

## ---------------------- ##
## Running config.status. ##
## ---------------------- ##

This file was extended by normal_modes_anim config.status 2.2.1, which was
generated by GNU Autoconf 2.69.  Invocation command line was

  CONFIG_FILES    = 
  CONFIG_HEADERS  = 
  CONFIG_LINKS    = 
  CONFIG_COMMANDS = 
  $ ./config.status 

on portatil-toshiba

config.status:749: creating Makefile

## ---------------- ##
## Cache variables. ##
## ---------------- ##

ac_cv_env_FCFLAGS_set=
ac_cv_env_FCFLAGS_value=
ac_cv_env_FC_set=
ac_cv_env_FC_value=
ac_cv_env_LDFLAGS_set=
ac_cv_env_LDFLAGS_value=
ac_cv_env_LIBS_set=
ac_cv_env_LIBS_value=
ac_cv_env_build_alias_set=
ac_cv_env_build_alias_value=
ac_cv_env_host_alias_set=
ac_cv_env_host_alias_value=
ac_cv_env_target_alias_set=
ac_cv_env_target_alias_value=
ac_cv_fc_compiler_gnu=yes
ac_cv_lib_lapack_zsytrf=yes
ac_cv_objext=o
ac_cv_path_install='/usr/bin/install -c'
ac_cv_path_mkdir=/bin/mkdir
ac_cv_prog_AWK=gawk
ac_cv_prog_ac_ct_FC=gfortran
ac_cv_prog_fc_g=yes
ac_cv_prog_make_make_set=yes

## ----------------- ##
## Output variables. ##
## ----------------- ##

ACLOCAL='${SHELL} /home/cerezo/dev/MY_PROJECTS/GIT/molecular-tools/src/normal_modes/missing --run aclocal-1.11'
AMTAR='$${TAR-tar}'
AUTOCONF='${SHELL} /home/cerezo/dev/MY_PROJECTS/GIT/molecular-tools/src/normal_modes/missing --run autoconf'
AUTOHEADER='${SHELL} /home/cerezo/dev/MY_PROJECTS/GIT/molecular-tools/src/normal_modes/missing --run autoheader'
AUTOMAKE='${SHELL} /home/cerezo/dev/MY_PROJECTS/GIT/molecular-tools/src/normal_modes/missing --run automake-1.11'
AWK='gawk'
CYGPATH_W='echo'
DEFS='-DPACKAGE_NAME=\"normal_modes_anim\" -DPACKAGE_TARNAME=\"normal_modes_anim\" -DPACKAGE_VERSION=\"2.2.1\" -DPACKAGE_STRING=\"normal_modes_anim\ 2.2.1\" -DPACKAGE_BUGREPORT=\"jcb1@um.es\" -DPACKAGE_URL=\"\" -DPACKAGE=\"normal_modes_anim\" -DVERSION=\"2.2.1\"'
ECHO_C=''
ECHO_N='-n'
ECHO_T=''
EXEEXT=''
FC='gfortran'
FCFLAGS=''
FFTW_FALSE=''
FFTW_TRUE='#'
FFT_SR_SRC='fft_calculator_SR.f90'
INSTALL_DATA='${INSTALL} -m 644'
INSTALL_PROGRAM='${INSTALL}'
INSTALL_SCRIPT='${INSTALL}'
INSTALL_STRIP_PROGRAM='$(install_sh) -c -s'
LDFLAGS=''
LIBOBJS=''
LIBS='-llapack'
LTLIBOBJS=''
MAKEINFO='${SHELL} /home/cerezo/dev/MY_PROJECTS/GIT/molecular-tools/src/normal_modes/missing --run makeinfo'
MKDIR_P='/bin/mkdir -p'
OBJEXT='o'
PACKAGE='normal_modes_anim'
PACKAGE_BUGREPORT='jcb1@um.es'
PACKAGE_NAME='normal_modes_anim'
PACKAGE_STRING='normal_modes_anim 2.2.1'
PACKAGE_TARNAME='normal_modes_anim'
PACKAGE_URL=''
PACKAGE_VERSION='2.2.1'
PATH_SEPARATOR=':'
SET_MAKE=''
SHELL='/bin/bash'
STRIP=''
VERSION='2.2.1'
ac_ct_FC='gfortran'
am__EXEEXT_FALSE=''
am__EXEEXT_TRUE='#'
am__isrc=''
am__leading_dot='.'
am__tar='$${TAR-tar} chof - "$$tardir"'
am__untar='$${TAR-tar} xf -'
bindir='${exec_prefix}/bin'
build_alias=''
datadir='${datarootdir}'
datarootdir='${prefix}/share'
docdir='${datarootdir}/doc/${PACKAGE_TARNAME}'
dvidir='${docdir}'
exec_prefix='${prefix}'
host_alias=''
htmldir='${docdir}'
includedir='${prefix}/include'
infodir='${datarootdir}/info'
install_sh='${SHELL} /home/cerezo/dev/MY_PROJECTS/GIT/molecular-tools/src/normal_modes/install-sh'
libdir='${exec_prefix}/lib'
libexecdir='${exec_prefix}/libexec'
localedir='${datarootdir}/locale'
localstatedir='${prefix}/var'
mandir='${datarootdir}/man'
mkdir_p='/bin/mkdir -p'
oldincludedir='/usr/include'
pdfdir='${docdir}'
prefix='/home/cerezo/Programas/MolecularTools'
program_transform_name='s,x,x,'
psdir='${docdir}'
sbindir='${exec_prefix}/sbin'
sharedstatedir='${prefix}/com'
sysconfdir='${prefix}/etc'
target_alias=''

## ----------- ##
## confdefs.h. ##
## ----------- ##

/* confdefs.h */
#define PACKAGE_NAME "normal_modes_anim"
#define PACKAGE_TARNAME "normal_modes_anim"
#define PACKAGE_VERSION "2.2.1"
#define PACKAGE_STRING "normal_modes_anim 2.2.1"
#define PACKAGE_BUGREPORT "jcb1@um.es"
#define PACKAGE_URL ""
#define PACKAGE "normal_modes_anim"
#define VERSION "2.2.1"

configure: exit 0

## ---------------------- ##
## Running config.status. ##
## ---------------------- ##

This file was extended by normal_modes_anim config.status 2.2.1, which was
generated by GNU Autoconf 2.69.  Invocation command line was

  CONFIG_FILES    = 
  CONFIG_HEADERS  = 
  CONFIG_LINKS    = 
  CONFIG_COMMANDS = 
  $ ./config.status Makefile

on portatil-toshiba

config.status:749: creating Makefile

## ---------------------- ##
## Running config.status. ##
## ---------------------- ##

This file was extended by normal_modes_anim config.status 2.2.1, which was
generated by GNU Autoconf 2.69.  Invocation command line was

  CONFIG_FILES    = 
  CONFIG_HEADERS  = 
  CONFIG_LINKS    = 
  CONFIG_COMMANDS = 
  $ ./config.status Makefile

on portatil-toshiba

config.status:749: creating Makefile

## ---------------------- ##
## Running config.status. ##
## ---------------------- ##

This file was extended by normal_modes_anim config.status 2.2.1, which was
generated by GNU Autoconf 2.69.  Invocation command line was

  CONFIG_FILES    = 
  CONFIG_HEADERS  = 
  CONFIG_LINKS    = 
  CONFIG_COMMANDS = 
  $ ./config.status Makefile

on portatil-toshiba

config.status:749: creating Makefile

## ---------------------- ##
## Running config.status. ##
## ---------------------- ##

This file was extended by normal_modes_anim config.status 2.2.1, which was
generated by GNU Autoconf 2.69.  Invocation command line was

  CONFIG_FILES    = 
  CONFIG_HEADERS  = 
  CONFIG_LINKS    = 
  CONFIG_COMMANDS = 
  $ ./config.status Makefile

on portatil-toshiba

config.status:749: creating Makefile
